2008.02.05 22:19 B C:\Dokumente und Einstellungen\All Users\Dokumente\Dateien\Dokumente\schule0708\1ehdv\projects\chapter05\Image\bluej.pkg --> miraculix.spengergasse.at /PUPIL/schenks/1ehdv/projects/chapter05/Image bluej.pkg
2008.02.05 22:19 B C:\Dokumente und Einstellungen\All Users\Dokumente\Dateien\Dokumente\schule0708\1ehdv\projects\chapter05\Image\Image.java# --> miraculix.spengergasse.at /PUPIL/schenks/1ehdv/projects/chapter05/Image Image.java#
2008.02.05 22:19 B C:\Dokumente und Einstellungen\All Users\Dokumente\Dateien\Dokumente\schule0708\1ehdv\projects\chapter05\Image\Image.java~ --> miraculix.spengergasse.at /PUPIL/schenks/1ehdv/projects/chapter05/Image Image.java~
2008.02.05 22:19 B C:\Dokumente und Einstellungen\All Users\Dokumente\Dateien\Dokumente\schule0708\1ehdv\projects\chapter05\Image\ImageAlgorithms.class --> miraculix.spengergasse.at /PUPIL/schenks/1ehdv/projects/chapter05/Image ImageAlgorithms.class
2008.02.05 22:19 B C:\Dokumente und Einstellungen\All Users\Dokumente\Dateien\Dokumente\schule0708\1ehdv\projects\chapter05\Image\ImageAlgorithms.ctxt --> miraculix.spengergasse.at /PUPIL/schenks/1ehdv/projects/chapter05/Image ImageAlgorithms.ctxt
2008.02.05 22:19 B C:\Dokumente und Einstellungen\All Users\Dokumente\Dateien\Dokumente\schule0708\1ehdv\projects\chapter05\Image\ImageAlgorithms.java --> miraculix.spengergasse.at /PUPIL/schenks/1ehdv/projects/chapter05/Image ImageAlgorithms.java
2008.02.05 22:19 B C:\Dokumente und Einstellungen\All Users\Dokumente\Dateien\Dokumente\schule0708\1ehdv\projects\chapter05\Image\ImageAlgorithms.java# --> miraculix.spengergasse.at /PUPIL/schenks/1ehdv/projects/chapter05/Image ImageAlgorithms.java#
2008.02.05 22:19 B C:\Dokumente und Einstellungen\All Users\Dokumente\Dateien\Dokumente\schule0708\1ehdv\projects\chapter05\Image\ImageAlgorithms.java#backup --> miraculix.spengergasse.at /PUPIL/schenks/1ehdv/projects/chapter05/Image ImageAlgorithms.java#backup
2008.02.05 22:19 B C:\Dokumente und Einstellungen\All Users\Dokumente\Dateien\Dokumente\schule0708\1ehdv\projects\chapter05\Image\ImageAlgorithms.java~ --> miraculix.spengergasse.at /PUPIL/schenks/1ehdv/projects/chapter05/Image ImageAlgorithms.java~
2008.02.05 22:19 B C:\Dokumente und Einstellungen\All Users\Dokumente\Dateien\Dokumente\schule0708\1ehdv\projects\chapter05\Image\README.TXT --> miraculix.spengergasse.at /PUPIL/schenks/1ehdv/projects/chapter05/Image README.TXT
2008.02.05 22:19 B C:\Dokumente und Einstellungen\All Users\Dokumente\Dateien\Dokumente\schule0708\1ehdv\projects\chapter05\Image\SimpleImage.class --> miraculix.spengergasse.at /PUPIL/schenks/1ehdv/projects/chapter05/Image SimpleImage.class
2008.02.05 22:19 B C:\Dokumente und Einstellungen\All Users\Dokumente\Dateien\Dokumente\schule0708\1ehdv\projects\chapter05\Image\SimpleImage.ctxt --> miraculix.spengergasse.at /PUPIL/schenks/1ehdv/projects/chapter05/Image SimpleImage.ctxt
2008.02.05 22:19 B C:\Dokumente und Einstellungen\All Users\Dokumente\Dateien\Dokumente\schule0708\1ehdv\projects\chapter05\Image\SimpleImage.java --> miraculix.spengergasse.at /PUPIL/schenks/1ehdv/projects/chapter05/Image SimpleImage.java
2008.02.05 22:19 B C:\Dokumente und Einstellungen\All Users\Dokumente\Dateien\Dokumente\schule0708\1ehdv\projects\chapter05\Image\SimpleImage.java# --> miraculix.spengergasse.at /PUPIL/schenks/1ehdv/projects/chapter05/Image SimpleImage.java#
2008.02.05 22:19 B C:\Dokumente und Einstellungen\All Users\Dokumente\Dateien\Dokumente\schule0708\1ehdv\projects\chapter05\Image\SimpleImage.java#backup --> miraculix.spengergasse.at /PUPIL/schenks/1ehdv/projects/chapter05/Image SimpleImage.java#backup
2008.02.05 22:19 B C:\Dokumente und Einstellungen\All Users\Dokumente\Dateien\Dokumente\schule0708\1ehdv\projects\chapter05\Image\SimpleImage.java~ --> miraculix.spengergasse.at /PUPIL/schenks/1ehdv/projects/chapter05/Image SimpleImage.java~
2008.02.05 22:19 B C:\Dokumente und Einstellungen\All Users\Dokumente\Dateien\Dokumente\schule0708\1ehdv\projects\chapter05\Image\Test.class --> miraculix.spengergasse.at /PUPIL/schenks/1ehdv/projects/chapter05/Image Test.class
2008.02.05 22:19 B C:\Dokumente und Einstellungen\All Users\Dokumente\Dateien\Dokumente\schule0708\1ehdv\projects\chapter05\Image\Test.ctxt --> miraculix.spengergasse.at /PUPIL/schenks/1ehdv/projects/chapter05/Image Test.ctxt
2008.02.05 22:19 B C:\Dokumente und Einstellungen\All Users\Dokumente\Dateien\Dokumente\schule0708\1ehdv\projects\chapter05\Image\Test.java --> miraculix.spengergasse.at /PUPIL/schenks/1ehdv/projects/chapter05/Image Test.java
2008.02.05 22:19 B C:\Dokumente und Einstellungen\All Users\Dokumente\Dateien\Dokumente\schule0708\1ehdv\projects\chapter05\Image\Test.java# --> miraculix.spengergasse.at /PUPIL/schenks/1ehdv/projects/chapter05/Image Test.java#
2008.02.05 22:19 B C:\Dokumente und Einstellungen\All Users\Dokumente\Dateien\Dokumente\schule0708\1ehdv\projects\chapter05\Image\Test.java#backup --> miraculix.spengergasse.at /PUPIL/schenks/1ehdv/projects/chapter05/Image Test.java#backup
2008.02.05 22:19 B C:\Dokumente und Einstellungen\All Users\Dokumente\Dateien\Dokumente\schule0708\1ehdv\projects\chapter05\Image\Test.java~ --> miraculix.spengergasse.at /PUPIL/schenks/1ehdv/projects/chapter05/Image Test.java~
2008.02.05 22:19 B C:\Dokumente und Einstellungen\All Users\Dokumente\Dateien\Dokumente\schule0708\1ehdv\projects\chapter05\Image\test.png --> miraculix.spengergasse.at /PUPIL/schenks/1ehdv/projects/chapter05/Image test.png
2008.02.05 22:19 B C:\Dokumente und Einstellungen\All Users\Dokumente\Dateien\Dokumente\schule0708\1ehdv\projects\chapter05\Image\TestImage.java# --> miraculix.spengergasse.at /PUPIL/schenks/1ehdv/projects/chapter05/Image TestImage.java#
2008.02.05 22:19 B C:\Dokumente und Einstellungen\All Users\Dokumente\Dateien\Dokumente\schule0708\1ehdv\projects\chapter05\Image\TestImage.java~ --> miraculix.spengergasse.at /PUPIL/schenks/1ehdv/projects/chapter05/Image TestImage.java~
